<?xml version="1.0" encoding="UTF-8"?>
<!-- Generated by org.testng.reporters.JUnitXMLReporter -->
<testsuite ignored="3" hostname="Varshini" failures="0" tests="1" name="Default test" time="5.539" errors="0" timestamp="2023-02-25T15:46:15 EST">
  <testcase classname="testcase.TestRunner" name="LogIn" time="2.213"/>
  <testcase classname="testcase.TestRunner" name="AccessGraph1" time="0.0">
    <ignored/>
  </testcase> <!-- AccessGraph1 -->
  <testcase classname="testcase.TestRunner" name="AccessTreeTopics" time="0.0">
    <ignored/>
  </testcase> <!-- AccessTreeTopics -->
  <testcase classname="testcase.TestRunner" name="homepage" time="0.0">
    <ignored/>
  </testcase> <!-- homepage -->
</testsuite> <!-- Default test -->
