<?xml version="1.0" encoding="UTF-8"?>
<!-- Generated by org.testng.reporters.JUnitXMLReporter -->
<testsuite ignored="0" hostname="Varshini" failures="0" tests="4" name="Default test" time="27.631" errors="0" timestamp="2023-02-25T20:03:17 EST">
  <testcase classname="testcase.TestRunner" name="AccessGraph1" time="3.006"/>
  <testcase classname="testcase.TestRunner" name="AccessTreeTopics" time="13.061"/>
  <testcase classname="testcase.TestRunner" name="LogIn" time="1.591"/>
  <testcase classname="testcase.TestRunner" name="homepage" time="0.001"/>
</testsuite> <!-- Default test -->
