<?xml version="1.0" encoding="UTF-8"?>
<testng-results ignored="3" total="4" passed="1" failed="0" skipped="0">
  <reporter-output>
  </reporter-output>
  <suite started-at="2023-02-25T15:46:10 EST" name="Default suite" finished-at="2023-02-25T15:46:15 EST" duration-ms="5539">
    <groups>
    </groups>
    <test started-at="2023-02-25T15:46:10 EST" name="Default test" finished-at="2023-02-25T15:46:15 EST" duration-ms="5539">
      <class name="testcase.TestRunner">
        <test-method is-config="true" signature="launch()[pri:0, instance:testcase.TestRunner@cdc3aae]" started-at="2023-02-25T15:46:10 EST" name="launch" finished-at="2023-02-25T15:46:13 EST" duration-ms="3220" status="PASS">
          <reporter-output>
          </reporter-output>
        </test-method> <!-- launch -->
        <test-method signature="LogIn()[pri:0, instance:testcase.TestRunner@cdc3aae]" started-at="2023-02-25T15:46:13 EST" name="LogIn" finished-at="2023-02-25T15:46:15 EST" duration-ms="2213" status="PASS">
          <reporter-output>
          </reporter-output>
        </test-method> <!-- LogIn -->
      </class> <!-- testcase.TestRunner -->
    </test> <!-- Default test -->
  </suite> <!-- Default suite -->
</testng-results>
